app/mapping.txt
# compiler: R8
# compiler_version: 1.6.67
# min_api: 22
# pg_map_id: 6a097c2
# common_typos_disable
com.zhao.dice.model.Adaptation -> a.c.a.a.a:
    java.lang.Object mTroopHandler -> j
    android.content.Context context -> c
    java.lang.Object mEntityManager -> h
    java.lang.Object mMessageFacade -> f
    java.lang.Object mAppInterface -> d
    java.util.ArrayList Methods_MessageSender -> F
    java.lang.Class Class_QQAppInterface -> s
    java.lang.Class Class_MessageRecord -> u
    java.util.ArrayList Methods_GetTroopInfo -> L
    java.lang.Class Class_QQMessageFacade -> w
    java.util.ArrayList Methods_ContactUtils_getBuddyName -> J
    java.lang.Class Class_TroopInfo -> y
    java.util.ArrayList Classes_FormSimpleItem -> H
    java.lang.ClassLoader classLoader -> b
    com.zhao.dice.model.Adaptation$MethodInfo Class_SendMsgParams -> o
    com.zhao.dice.model.Adaptation$MethodInfo Method_GetTroopMemberInfo -> q
    java.lang.Class Class_FileManagerEntity -> A
    com.zhao.dice.model.Adaptation$MethodInfo Method_MessageReceiver -> m
    java.lang.Class Class_EntityManager -> C
    long QQversion -> l
    java.lang.Object mMixedMsgManager -> i
    java.lang.String QQpackagename -> k
    java.lang.Object mFileManagerEngine -> g
    java.lang.Object mTroopManager -> e
    java.util.ArrayList Classes_SendMsgParams -> G
    java.util.ArrayList Methods_MessageReceiver -> E
    java.lang.Class Class_SessionInfo -> t
    java.lang.Class Class_MessageForReplyText$SourceMsgInfo -> v
    java.lang.Class Class_QQSettingSettingActivity -> x
com.zhao.dice.model.Adaptation$MethodInfo -> a.c.a.a.a$a:
    long Version -> a
    java.lang.String MethodName -> c
    java.lang.String ClassName -> b
    java.lang.Class Clazz -> d
com.zhao.dice.model.GlobalApplication -> com.zhao.dice.model.GlobalApplication:
    java.lang.String SDCARD -> a
com.zhao.dice.model.QQFunction$Troop$Set$1 -> a.c.a.a.b:
    com.zhao.dice.model.Adaptation val$adaptation -> a
    1:1:void com.zhao.dice.model.QQFunction$Troop$Set.inviteAgree(com.zhao.dice.model.Adaptation,java.lang.Object):0:0 -> invoke
    1:1:java.lang.Object invoke(java.lang.Object,java.lang.reflect.Method,java.lang.Object[]):0 -> invoke
com.zhao.dice.model.XposedEntry -> com.zhao.dice.model.XposedEntry:
    boolean hooked -> a
    boolean access$000(com.zhao.dice.model.XposedEntry,java.io.File) -> a
    boolean deleteFile(java.io.File) -> a
com.zhao.dice.model.XposedEntry$1 -> com.zhao.dice.model.XposedEntry$a:
    com.zhao.dice.model.XposedEntry this$0 -> a
com.zhao.dice.model.XposedEntry$2 -> com.zhao.dice.model.XposedEntry$b:
    1:1:void com.zhao.dice.model.XposedEntry.HookFrist(de.robv.android.xposed.XC_MethodHook$MethodHookParam):0:0 -> afterHookedMethod
    1:1:void afterHookedMethod(de.robv.android.xposed.XC_MethodHook$MethodHookParam):0 -> afterHookedMethod
    2:2:boolean com.zhao.dice.model.Adaptation.initMethods(com.zhao.dice.model.Adaptation):0:0 -> afterHookedMethod
    2:2:com.zhao.dice.model.Adaptation com.zhao.dice.model.Adaptation.SelectBestMethod(java.lang.ClassLoader):0 -> afterHookedMethod
    2:2:void com.zhao.dice.model.XposedEntry.HookFrist(de.robv.android.xposed.XC_MethodHook$MethodHookParam):0 -> afterHookedMethod
    2:2:void afterHookedMethod(de.robv.android.xposed.XC_MethodHook$MethodHookParam):0 -> afterHookedMethod
    3:3:void com.zhao.dice.model.plugins.SettingEntry.ConfigReader.initDataFiles(android.content.Context):0:0 -> afterHookedMethod
    3:3:boolean com.zhao.dice.model.Adaptation.initMethods(com.zhao.dice.model.Adaptation):0 -> afterHookedMethod
    3:3:com.zhao.dice.model.Adaptation com.zhao.dice.model.Adaptation.SelectBestMethod(java.lang.ClassLoader):0 -> afterHookedMethod
    3:3:void com.zhao.dice.model.XposedEntry.HookFrist(de.robv.android.xposed.XC_MethodHook$MethodHookParam):0 -> afterHookedMethod
    3:3:void afterHookedMethod(de.robv.android.xposed.XC_MethodHook$MethodHookParam):0 -> afterHookedMethod
com.zhao.dice.model.XposedEntry$3 -> com.zhao.dice.model.XposedEntry$c:
...
org.yaml.snakeyaml.tokens.BlockEntryToken -> b.a.a.s.d:
    org.yaml.snakeyaml.tokens.Token$ID getTokenId() -> b
org.yaml.snakeyaml.tokens.BlockMappingStartToken -> b.a.a.s.e:
    org.yaml.snakeyaml.tokens.Token$ID getTokenId() -> b
org.yaml.snakeyaml.tokens.BlockSequenceStartToken -> b.a.a.s.f:
    org.yaml.snakeyaml.tokens.Token$ID getTokenId() -> b
org.yaml.snakeyaml.tokens.DirectiveToken -> b.a.a.s.g:
    java.util.List value -> d
    java.lang.String name -> c
    java.lang.String getArguments() -> a
    org.yaml.snakeyaml.tokens.Token$ID getTokenId() -> b
org.yaml.snakeyaml.tokens.DocumentEndToken -> b.a.a.s.h:
    org.yaml.snakeyaml.tokens.Token$ID getTokenId() -> b
org.yaml.snakeyaml.tokens.DocumentStartToken -> b.a.a.s.i:
    org.yaml.snakeyaml.tokens.Token$ID getTokenId() -> b
org.yaml.snakeyaml.tokens.FlowEntryToken -> b.a.a.s.j:
    org.yaml.snakeyaml.tokens.Token$ID getTokenId() -> b
org.yaml.snakeyaml.tokens.FlowMappingEndToken -> b.a.a.s.k:
    org.yaml.snakeyaml.tokens.Token$ID getTokenId() -> b
org.yaml.snakeyaml.tokens.FlowMappingStartToken -> b.a.a.s.l:
    org.yaml.snakeyaml.tokens.Token$ID getTokenId() -> b
org.yaml.snakeyaml.tokens.FlowSequenceEndToken -> b.a.a.s.m:
    org.yaml.snakeyaml.tokens.Token$ID getTokenId() -> b
org.yaml.snakeyaml.tokens.FlowSequenceStartToken -> b.a.a.s.n:
    org.yaml.snakeyaml.tokens.Token$ID getTokenId() -> b
org.yaml.snakeyaml.tokens.KeyToken -> b.a.a.s.o:
    org.yaml.snakeyaml.tokens.Token$ID getTokenId() -> b
org.yaml.snakeyaml.tokens.ScalarToken -> b.a.a.s.p:
    java.lang.String value -> c
    boolean plain -> d
    char style -> e
    1:1:void <init>(java.lang.String,boolean,org.yaml.snakeyaml.error.Mark,org.yaml.snakeyaml.error.Mark,char):0:0 -> <init>
    1:1:void <init>(java.lang.String,org.yaml.snakeyaml.error.Mark,org.yaml.snakeyaml.error.Mark,boolean):0 -> <init>
    java.lang.String getArguments() -> a
    org.yaml.snakeyaml.tokens.Token$ID getTokenId() -> b
org.yaml.snakeyaml.tokens.StreamEndToken -> b.a.a.s.q:
    org.yaml.snakeyaml.tokens.Token$ID getTokenId() -> b
org.yaml.snakeyaml.tokens.StreamStartToken -> b.a.a.s.r:
    org.yaml.snakeyaml.tokens.Token$ID getTokenId() -> b
org.yaml.snakeyaml.tokens.TagToken -> b.a.a.s.s:
    org.yaml.snakeyaml.tokens.TagTuple value -> c
    1:1:java.lang.String org.yaml.snakeyaml.tokens.TagTuple.getHandle():0:0 -> a
    1:1:java.lang.String getArguments():0 -> a
    2:2:java.lang.String getArguments():0:0 -> a
    3:3:java.lang.String org.yaml.snakeyaml.tokens.TagTuple.getSuffix():0:0 -> a
    3:3:java.lang.String getArguments():0 -> a
    4:4:java.lang.String getArguments():0:0 -> a
    org.yaml.snakeyaml.tokens.Token$ID getTokenId() -> b
org.yaml.snakeyaml.tokens.TagTuple -> b.a.a.s.t:
    java.lang.String handle -> a
    java.lang.String suffix -> b
org.yaml.snakeyaml.tokens.Token -> b.a.a.s.u:
    org.yaml.snakeyaml.error.Mark endMark -> b
    org.yaml.snakeyaml.error.Mark startMark -> a
    java.lang.String getArguments() -> a
    org.yaml.snakeyaml.tokens.Token$ID getTokenId() -> b