app/unused.txt
com.zhao.dice.model.plugins.SettingEntry.ConfigReader:
    public void <init>()
    public static java.lang.String readString(com.zhao.dice.model.Adaptation,java.lang.String)
    public static boolean readBoolean(com.zhao.dice.model.Adaptation,java.lang.String)
    public static long readLong(com.zhao.dice.model.Adaptation,java.lang.String)
    public static java.lang.String readString(com.zhao.dice.model.Adaptation,java.lang.String,java.lang.String)
    public static long readLong(com.zhao.dice.model.Adaptation,java.lang.String,long)
    public static final java.lang.String CONFIG_KEY_SWITCH_DICE
    public static final java.lang.String CONFIG_KEY_SWITCH_HANDLE_MYSELF
    public static final java.lang.String CONFIG_KEY_SWITCH_KEY_AUTO_REPLY
    public static final java.lang.String CONFIG_NAME
    public static final java.lang.String CONFIG_KEY_SWITCH_PUBLIC_MODE
com.zhao.dice.model.plugins.RequestPermissions
com.zhao.dice.model.R$array
com.zhao.dice.model.plugins.QQMessage.QQMessageXposed$MessageHandled:
    void <init>()
com.zhao.dice.model.plugins.QQMessage.QQMessageDecoder:
    public static com.zhao.dice.model.plugins.QQMessage.QQMessageDecoder$QQPicture GetPictureInfo(java.lang.Object,int)
    public com.zhao.dice.model.plugins.QQMessage.QQMessageDecoder$QQPicture GetPictureInfo()
    private com.zhao.dice.model.plugins.QQMessage.QQMessageDecoder$QQPicture qqPicture
com.zhao.dice.model.R$mipmap
com.zhao.dice.model.plugins.SettingEntry.SettingEntryXposed:
    public void <init>()
    public static final int R_ID_SETTING_ENTRY
com.zhao.dice.model.R
com.zhao.dice.model.plugins.Friends.FriendInfo:
    public static boolean isValidUin(long)
    public static boolean isValidUin(java.lang.String)
    public long getLastLoginType()
    public boolean hasLoginedOnTIM()
    public boolean isFriend()
    public boolean isOffline()
    public boolean isShield()
    public boolean isShowOlympicTorch()
    public void setShieldFlag(boolean)
    public void setOlympicTorchFlag(boolean)
    public java.lang.String getFriendNick()
    public java.lang.String getFriendNickWithoutUin()
    public java.lang.String getFriendNickWithAlias()
    public java.lang.String getFriendName()
    public java.lang.String eimMobile
    public java.lang.String eimid
    public int netTypeIconId
    public byte[] richBuffer
    public long richTime
    public java.lang.String signature
    public java.lang.String strTermDesc
    public static final int CLIENT_DEFAULT
    public static final int CLIENT_IPHONE
    public static final int CLIENT_MOBILE
    public static final int CLIENT_PC
    public static final int GATHER_TYPE_GATHERED
    public static final int GATHER_TYPE_NORMAL
    public static final int GATHER_TYPE_RECOMMENDED
    private static final long LOGIN_TYPE_OFFLINE
    public static final int NET_2G
    public static final int NET_3G
    public static final int NET_4G
    public static final int NET_UNKNOW
    public static final int NET_WIFI
    public static final int TERM_TYPE_ANDROID_PAD
com.zhao.dice.model.plugins.Friends.FriendPool:
    public void <init>()
com.zhao.dice.model.plugins.ReflectionUtil:
    public void <init>()
    public static varargs java.lang.reflect.Method getMethod(java.lang.Class,java.lang.String,java.lang.String,java.lang.Class[])
    public static varargs java.lang.reflect.Method getMethod(java.lang.Class,java.lang.String,java.lang.String,java.lang.String[])
    public static boolean isCallingFrom(java.lang.String)
com.zhao.dice.model.AssetsZipUtils
com.zhao.dice.model.AwLog:
    public void <init>()
    public static java.lang.String getCurrentYYYYMMDDHHMMSS()
com.zhao.dice.model.plugins.DebugXposed:
    public void <init>()
    public static java.net.URL getClassLocation(java.lang.ClassLoader,java.lang.Class)
com.zhao.dice.model.R$layout
com.zhao.dice.model.plugins.QQMessage.TroopInfo
...
org.yaml.snakeyaml.nodes.ScalarNode:
    public void <init>(org.yaml.snakeyaml.nodes.Tag,java.lang.String,org.yaml.snakeyaml.error.Mark,org.yaml.snakeyaml.error.Mark,java.lang.Character)
    public java.lang.Character getStyle()
org.yaml.snakeyaml.reader.ReaderException:
    public java.lang.String getName()
    public char getCharacter()
    public int getPosition()
    private static final long serialVersionUID
org.yaml.snakeyaml.Yaml$YamlIterable
org.yaml.snakeyaml.representer.SafeRepresenter$RepresentIterator:
    public org.yaml.snakeyaml.nodes.Node representData(java.lang.Object)
org.yaml.snakeyaml.emitter.Emitable
com.ZhaoDiceUitl.COCHelper$helper_calculation$Judger:
    void <init>()
org.greenrobot.eventbus.meta.AbstractSubscriberInfo
org.yaml.snakeyaml.representer.Representer$RepresentJavaBean:
    public org.yaml.snakeyaml.nodes.Node representData(java.lang.Object)
org.yaml.snakeyaml.emitter.Emitter$ExpectFlowSequenceItem
org.yaml.snakeyaml.constructor.ConstructorException:
    private static final long serialVersionUID
com.ZhaoDiceUitl.COCHelper$helper_name:
    void <init>()
    static final int GEN_JP_NAME
    static final int GEN_CNEN_NAME
    static final int GEN_CN_NAME
    static final int GEN_EN_NAME
com.ZhaoDiceUitl.COCHelper$helper_calculation$CmdGenerator:
    void <init>()
org.yaml.snakeyaml.representer.SafeRepresenter$RepresentString:
    public org.yaml.snakeyaml.nodes.Node representData(java.lang.Object)
org.greenrobot.eventbus.meta.SimpleSubscriberInfo
org.yaml.snakeyaml.external.biz.base64Coder.Base64Coder:
    public static java.lang.String encodeString(java.lang.String)
    public static java.lang.String encodeLines(byte[])
    public static java.lang.String encodeLines(byte[],int,int,int,java.lang.String)
    public static char[] encode(byte[])
    public static char[] encode(byte[],int)
    public static char[] encode(byte[],int,int)
    public static java.lang.String decodeString(java.lang.String)
    public static byte[] decodeLines(java.lang.String)
    public static byte[] decode(java.lang.String)
    private void <init>()
org.yaml.snakeyaml.representer.SafeRepresenter$RepresentByteArray:
    public org.yaml.snakeyaml.nodes.Node representData(java.lang.Object)
org.yaml.snakeyaml.external.com.google.gdata.util.common.base.Escaper:
    public abstract java.lang.Appendable escape(java.lang.Appendable)
org.greenrobot.eventbus.Logger$SystemOutLogger
org.greenrobot.eventbus.meta.SubscriberInfoIndex
org.yaml.snakeyaml.Yaml$2
org.yaml.snakeyaml.composer.Composer:
    public boolean checkNode()
    public org.yaml.snakeyaml.nodes.Node getNode()
org.yaml.snakeyaml.util.ArrayStack:
    public void clear()
com.ZhaoDiceUitl.COCHelper$helper_legacy:
    public void <init>()
org.yaml.snakeyaml.TypeDescription:
    public void <init>(java.lang.Class,java.lang.String)
    public void setTag(org.yaml.snakeyaml.nodes.Tag)
    public void setTag(java.lang.String)
    public void putListPropertyType(java.lang.String,java.lang.Class)
    public void putMapPropertyType(java.lang.String,java.lang.Class,java.lang.Class)
org.yaml.snakeyaml.emitter.Emitter$ExpectDocumentStart
org.greenrobot.eventbus.Subscription
org.yaml.snakeyaml.introspector.MissingProperty:
    public java.lang.Object get(java.lang.Object)
org.greenrobot.eventbus.util.AsyncExecutor$Builder
org.yaml.snakeyaml.representer.SafeRepresenter$RepresentList:
    public org.yaml.snakeyaml.nodes.Node representData(java.lang.Object)
org.yaml.snakeyaml.serializer.AnchorGenerator:
    public abstract java.lang.String nextAnchor(org.yaml.snakeyaml.nodes.Node)
org.yaml.snakeyaml.representer.SafeRepresenter$RepresentEnum:
    public org.yaml.snakeyaml.nodes.Node representData(java.lang.Object)
org.yaml.snakeyaml.representer.Represent:
    public abstract org.yaml.snakeyaml.nodes.Node representData(java.lang.Object)
org.yaml.snakeyaml.emitter.Emitter$ExpectDocumentEnd
com.ZhaoDiceUitl.COCHelper$helper_constant_data$roomRules:
    public void <init>()